\BOOKMARK [1][-]{Doc-Start}{About this document}{}% 1
\BOOKMARK [1][-]{Section.0.Introduction.1}{Introduction}{}% 2
\BOOKMARK [1][-]{Section.1.Data Summary: Primary Biliary Cirrhosis (PBC).1}{Data Summary: Primary Biliary Cirrhosis \(PBC\)}{}% 3
\BOOKMARK [2][-]{Subsection.2.0.Exploratory Data Analysis.2}{Exploratory Data Analysis}{Section.1.Data Summary: Primary Biliary Cirrhosis (PBC).1}% 4
\BOOKMARK [2][-]{Subsection.2.1.PBC Model Summary.2}{PBC Model Summary}{Section.1.Data Summary: Primary Biliary Cirrhosis (PBC).1}% 5
\BOOKMARK [1][-]{Section.2.Random Survival Forest.1}{Random Survival Forest}{}% 6
\BOOKMARK [2][-]{Subsection.3.0.Generalization Error.2}{Generalization Error}{Section.2.Random Survival Forest.1}% 7
\BOOKMARK [2][-]{Subsection.3.1.Prediction.2}{Prediction}{Section.2.Random Survival Forest.1}% 8
\BOOKMARK [2][-]{Subsection.3.2.Random Forest Imputation.2}{Random Forest Imputation}{Section.2.Random Survival Forest.1}% 9
\BOOKMARK [2][-]{Subsection.3.3.Test Set Predictions.2}{Test Set Predictions}{Section.2.Random Survival Forest.1}% 10
\BOOKMARK [1][-]{Section.3.Variable Selection.1}{Variable Selection}{}% 11
\BOOKMARK [2][-]{Subsection.4.0.Variable Importance.2}{Variable Importance}{Section.3.Variable Selection.1}% 12
\BOOKMARK [2][-]{Subsection.4.1.Minimal Depth.2}{Minimal Depth}{Section.3.Variable Selection.1}% 13
\BOOKMARK [2][-]{Subsection.4.2.Variable Selection Comparison.2}{Variable Selection Comparison}{Section.3.Variable Selection.1}% 14
\BOOKMARK [1][-]{Section.4.Variable Dependence.1}{Variable Dependence}{}% 15
\BOOKMARK [2][-]{Subsection.5.0.Variable Dependence.2}{Variable Dependence}{Section.4.Variable Dependence.1}% 16
\BOOKMARK [2][-]{Subsection.5.1.Partial Dependence.2}{Partial Dependence}{Section.4.Variable Dependence.1}% 17
\BOOKMARK [2][-]{Subsection.5.2.Partial Dependence in the Time.2}{Partial Dependence in the Time}{Section.4.Variable Dependence.1}% 18
\BOOKMARK [1][-]{Section.5.Conditional Dependence Plots.1}{Conditional Dependence Plots}{}% 19
\BOOKMARK [2][-]{Subsection.6.0.Partial dependence coplots.2}{Partial dependence coplots}{Section.5.Conditional Dependence Plots.1}% 20
\BOOKMARK [2][-]{Subsection.6.1.Partial Plot Surfaces.2}{Partial Plot Surfaces}{Section.5.Conditional Dependence Plots.1}% 21
\BOOKMARK [1][-]{Section.6.Conclusion.1}{Conclusion}{}% 22
\BOOKMARK [1][-]{Section..Source Code.1}{Source Code}{}% 23
\BOOKMARK [2][-]{Subsection.A.0.Partial Dependence in Time Dimension.2}{Partial Dependence in Time Dimension}{Section..Source Code.1}% 24
\BOOKMARK [2][-]{Subsection.A.1.Bilirubin Coplot.2}{Bilirubin Coplot}{Section..Source Code.1}% 25
\BOOKMARK [2][-]{Subsection.A.2.Bilirubin Partial Coplot.2}{Bilirubin Partial Coplot}{Section..Source Code.1}% 26
\BOOKMARK [2][-]{Subsection.A.3.Partial Dependence in Multiple Variable Dimensions.2}{Partial Dependence in Multiple Variable Dimensions}{Section..Source Code.1}% 27
