This is pdfTeX, Version 3.14159265-2.6-1.40.15 (TeX Live 2014) (preloaded format=pdflatex 2014.5.25)  10 DEC 2014 13:55
entering extended mode
 restricted \write18 enabled.
 %&-line parsing enabled.
**randomForestSurvival
(./randomForestSurvival.tex
LaTeX2e <2014/05/01>
Babel <3.9k> and hyphenation patterns for 78 languages loaded.

! LaTeX Error: File `jss.cls' not found.

Type X to quit or <RETURN> to proceed,
or enter new name. (Default extension: cls)

Enter file name: X

 )
(\end occurred when \ifx on line 1 was incomplete)
(\end occurred when \ifx on line 1 was incomplete) 
Here is how much of TeX's memory you used:
 10 strings out of 493117
 220 string characters out of 6135433
 52909 words of memory out of 5000000
 3571 multiletter control sequences out of 15000+600000
 3640 words of font info for 14 fonts, out of 8000000 for 9000
 1141 hyphenation exceptions out of 8191
 10i,0n,7p,105b,8s stack positions out of 5000i,500n,10000p,200000b,80000s

No pages of output.
PDF statistics:
 0 PDF objects out of 1000 (max. 8388607)
 0 named destinations out of 1000 (max. 500000)
 1 words of extra memory for PDF output out of 10000 (max. 10000000)

