This is pdfTeX, Version 3.141592653-2.6-1.40.22 (TeX Live 2021) (preloaded format=pdflatex 2021.6.16)  21 APR 2022 16:25
entering extended mode
 restricted \write18 enabled.
 %&-line parsing enabled.
**\nonstopmode \input ./Rd2.tex \input ./Rd2.tex \input ./Rd2.tex \input ./Rd2.
tex
(./Rd2.tex
(/usr/local/texlive/2021/texmf-dist/tex/latex/base/book.cls
Document Class: book 2020/04/10 v1.4m Standard LaTeX document class
(/usr/local/texlive/2021/texmf-dist/tex/latex/base/bk10.clo
File: bk10.clo 2020/04/10 v1.4m Standard LaTeX file (size option)
)
\c@part=\count179
\c@chapter=\count180
\c@section=\count181
\c@subsection=\count182
\c@subsubsection=\count183
\c@paragraph=\count184
\c@subparagraph=\count185
\c@figure=\count186
\c@table=\count187
\abovecaptionskip=\skip47
\belowcaptionskip=\skip48
\bibindent=\dimen138
)
(/Library/Frameworks/R.framework/Resources/share/texmf/tex/latex/Rd.sty
Package: Rd 

(/usr/local/texlive/2021/texmf-dist/tex/latex/base/ifthen.sty
Package: ifthen 2014/09/29 v1.1c Standard LaTeX ifthen package (DPC)
)
(/usr/local/texlive/2021/texmf-dist/tex/latex/tools/longtable.sty
Package: longtable 2020/01/07 v4.13 Multi-page Table package (DPC)
\LTleft=\skip49
\LTright=\skip50
\LTpre=\skip51
\LTpost=\skip52
\LTchunksize=\count188
\LTcapwidth=\dimen139
\LT@head=\box47
\LT@firsthead=\box48
\LT@foot=\box49
\LT@lastfoot=\box50
\LT@cols=\count189
\LT@rows=\count190
\c@LT@tables=\count191
\c@LT@chunks=\count192
\LT@p@ftn=\toks15
)
(/usr/local/texlive/2021/texmf-dist/tex/latex/tools/bm.sty
Package: bm 2019/07/24 v1.2d Bold Symbol Support (DPC/FMi)
\symboldoperators=\mathgroup4
\symboldletters=\mathgroup5
\symboldsymbols=\mathgroup6
LaTeX Font Info:    Redeclaring math alphabet \mathbf on input line 141.
LaTeX Info: Redefining \bm on input line 209.
)
(/usr/local/texlive/2021/texmf-dist/tex/latex/base/alltt.sty
Package: alltt 1997/06/16 v2.0g defines alltt environment
)
(/usr/local/texlive/2021/texmf-dist/tex/latex/tools/verbatim.sty
Package: verbatim 2020-07-07 v1.5u LaTeX2e package for verbatim enhancements
\every@verbatim=\toks16
\verbatim@line=\toks17
\verbatim@in@stream=\read2
)
(/usr/local/texlive/2021/texmf-dist/tex/latex/url/url.sty
\Urlmuskip=\muskip16
Package: url 2013/09/16  ver 3.4  Verb mode for urls, etc.
)
(/usr/local/texlive/2021/texmf-dist/tex/latex/base/textcomp.sty
Package: textcomp 2020/02/02 v2.0n Standard LaTeX package
)
\ldescriptionwidth=\skip53

(/usr/local/texlive/2021/texmf-dist/tex/latex/base/fontenc.sty
Package: fontenc 2020/08/10 v2.0s Standard LaTeX package
)
(/usr/local/texlive/2021/texmf-dist/tex/latex/psnfss/times.sty
Package: times 2020/03/25 PSNFSS-v9.3 (SPQR) 
)
(/usr/local/texlive/2021/texmf-dist/tex/latex/inconsolata/zi4.sty
Package: zi4 2019/05/17 v1.12

`inconsolata-zi4' v1.12, 2019/05/17 Text macros for Inconsolata (msharpe)
(/usr/local/texlive/2021/texmf-dist/tex/latex/xkeyval/xkeyval.sty
Package: xkeyval 2020/11/20 v2.8 package option processing (HA)

(/usr/local/texlive/2021/texmf-dist/tex/generic/xkeyval/xkeyval.tex
(/usr/local/texlive/2021/texmf-dist/tex/generic/xkeyval/xkvutils.tex
\XKV@toks=\toks18
\XKV@tempa@toks=\toks19

(/usr/local/texlive/2021/texmf-dist/tex/generic/xkeyval/keyval.tex))
\XKV@depth=\count193
File: xkeyval.tex 2014/12/03 v2.7a key=value parser (HA)
))
\zifour@ocount=\count194
)
(/usr/local/texlive/2021/texmf-dist/tex/latex/graphics/color.sty
Package: color 2020/02/24 v1.2b Standard LaTeX Color (DPC)

(/usr/local/texlive/2021/texmf-dist/tex/latex/graphics-cfg/color.cfg
File: color.cfg 2016/01/02 v1.6 sample color configuration
)
Package color Info: Driver file: pdftex.def on input line 147.

(/usr/local/texlive/2021/texmf-dist/tex/latex/graphics-def/pdftex.def
File: pdftex.def 2020/10/05 v1.2a Graphics/color driver for pdftex
))
(/usr/local/texlive/2021/texmf-dist/tex/latex/hyperref/hyperref.sty
Package: hyperref 2021-02-27 v7.00k Hypertext links for LaTeX

(/usr/local/texlive/2021/texmf-dist/tex/generic/ltxcmds/ltxcmds.sty
Package: ltxcmds 2020-05-10 v1.25 LaTeX kernel commands for general use (HO)
)
(/usr/local/texlive/2021/texmf-dist/tex/generic/iftex/iftex.sty
Package: iftex 2020/03/06 v1.0d TeX engine tests
)
(/usr/local/texlive/2021/texmf-dist/tex/generic/pdftexcmds/pdftexcmds.sty
Package: pdftexcmds 2020-06-27 v0.33 Utility functions of pdfTeX for LuaTeX (HO
)

(/usr/local/texlive/2021/texmf-dist/tex/generic/infwarerr/infwarerr.sty
Package: infwarerr 2019/12/03 v1.5 Providing info/warning/error messages (HO)
)
Package pdftexcmds Info: \pdf@primitive is available.
Package pdftexcmds Info: \pdf@ifprimitive is available.
Package pdftexcmds Info: \pdfdraftmode found.
)
(/usr/local/texlive/2021/texmf-dist/tex/generic/kvsetkeys/kvsetkeys.sty
Package: kvsetkeys 2019/12/15 v1.18 Key value parser (HO)
)
(/usr/local/texlive/2021/texmf-dist/tex/generic/kvdefinekeys/kvdefinekeys.sty
Package: kvdefinekeys 2019-12-19 v1.6 Define keys (HO)
)
(/usr/local/texlive/2021/texmf-dist/tex/generic/pdfescape/pdfescape.sty
Package: pdfescape 2019/12/09 v1.15 Implements pdfTeX's escape features (HO)
)
(/usr/local/texlive/2021/texmf-dist/tex/latex/hycolor/hycolor.sty
Package: hycolor 2020-01-27 v1.10 Color options for hyperref/bookmark (HO)
)
(/usr/local/texlive/2021/texmf-dist/tex/latex/letltxmacro/letltxmacro.sty
Package: letltxmacro 2019/12/03 v1.6 Let assignment for LaTeX macros (HO)
)
(/usr/local/texlive/2021/texmf-dist/tex/latex/auxhook/auxhook.sty
Package: auxhook 2019-12-17 v1.6 Hooks for auxiliary files (HO)
)
(/usr/local/texlive/2021/texmf-dist/tex/latex/kvoptions/kvoptions.sty
Package: kvoptions 2020-10-07 v3.14 Key value format for package options (HO)
)
\@linkdim=\dimen140
\Hy@linkcounter=\count195
\Hy@pagecounter=\count196

(/usr/local/texlive/2021/texmf-dist/tex/latex/hyperref/pd1enc.def
File: pd1enc.def 2021-02-27 v7.00k Hyperref: PDFDocEncoding definition (HO)
Now handling font encoding PD1 ...
... no UTF-8 mapping file for font encoding PD1
)
(/usr/local/texlive/2021/texmf-dist/tex/latex/hyperref/hyperref-langpatches.def
File: hyperref-langpatches.def 2021-02-27 v7.00k Hyperref: patches for babel la
nguages
) (/usr/local/texlive/2021/texmf-dist/tex/generic/intcalc/intcalc.sty
Package: intcalc 2019/12/15 v1.3 Expandable calculations with integers (HO)
)
(/usr/local/texlive/2021/texmf-dist/tex/generic/etexcmds/etexcmds.sty
Package: etexcmds 2019/12/15 v1.7 Avoid name clashes with e-TeX commands (HO)
)
\Hy@SavedSpaceFactor=\count197

(/usr/local/texlive/2021/texmf-dist/tex/latex/hyperref/puenc.def
File: puenc.def 2021-02-27 v7.00k Hyperref: PDF Unicode definition (HO)
Now handling font encoding PU ...
... no UTF-8 mapping file for font encoding PU
)
Package hyperref Info: Hyper figures OFF on input line 4192.
Package hyperref Info: Link nesting OFF on input line 4197.
Package hyperref Info: Hyper index ON on input line 4200.
Package hyperref Info: Plain pages OFF on input line 4207.
Package hyperref Info: Backreferencing OFF on input line 4212.
Package hyperref Info: Implicit mode ON; LaTeX internals redefined.
Package hyperref Info: Bookmarks ON on input line 4445.
\c@Hy@tempcnt=\count198
LaTeX Info: Redefining \url on input line 4804.
\XeTeXLinkMargin=\dimen141

(/usr/local/texlive/2021/texmf-dist/tex/generic/bitset/bitset.sty
Package: bitset 2019/12/09 v1.3 Handle bit-vector datatype (HO)

(/usr/local/texlive/2021/texmf-dist/tex/generic/bigintcalc/bigintcalc.sty
Package: bigintcalc 2019/12/15 v1.5 Expandable calculations on big integers (HO
)
))
\Fld@menulength=\count199
\Field@Width=\dimen142
\Fld@charsize=\dimen143
Package hyperref Info: Hyper figures OFF on input line 6075.
Package hyperref Info: Link nesting OFF on input line 6080.
Package hyperref Info: Hyper index ON on input line 6083.
Package hyperref Info: backreferencing OFF on input line 6090.
Package hyperref Info: Link coloring OFF on input line 6095.
Package hyperref Info: Link coloring with OCG OFF on input line 6100.
Package hyperref Info: PDF/A mode OFF on input line 6105.
LaTeX Info: Redefining \ref on input line 6145.
LaTeX Info: Redefining \pageref on input line 6149.

(/usr/local/texlive/2021/texmf-dist/tex/latex/base/atbegshi-ltx.sty
Package: atbegshi-ltx 2020/08/17 v1.0a Emulation of the original atbegshi packa
ge
with kernel methods
)
\Hy@abspage=\count266
\c@Item=\count267
\c@Hfootnote=\count268
)
Package hyperref Info: Driver (autodetected): hpdftex.

(/usr/local/texlive/2021/texmf-dist/tex/latex/hyperref/hpdftex.def
File: hpdftex.def 2021-02-27 v7.00k Hyperref driver for pdfTeX

(/usr/local/texlive/2021/texmf-dist/tex/latex/base/atveryend-ltx.sty
Package: atveryend-ltx 2020/08/19 v1.0a Emulation of the original atvery packag
e
with kernel methods
)
\Fld@listcount=\count269
\c@bookmark@seq@number=\count270

(/usr/local/texlive/2021/texmf-dist/tex/latex/rerunfilecheck/rerunfilecheck.sty
Package: rerunfilecheck 2019/12/05 v1.9 Rerun checks for auxiliary files (HO)

(/usr/local/texlive/2021/texmf-dist/tex/generic/uniquecounter/uniquecounter.sty
Package: uniquecounter 2019/12/15 v1.4 Provide unlimited unique counter (HO)
)
Package uniquecounter Info: New unique counter `rerunfilecheck' on input line 2
86.
)
\Hy@SectionHShift=\skip54
)

Package hyperref Warning: Option `hyperindex' has already been used,
(hyperref)                setting the option has no effect on input line 378.

Package hyperref Info: Option `colorlinks' set `true' on input line 378.

Package hyperref Warning: Option `pagebackref' has already been used,
(hyperref)                setting the option has no effect on input line 378.

Package hyperref Info: Option `linktocpage' set `true' on input line 378.
Package hyperref Info: Option `plainpages' set `false' on input line 378.
) (/usr/local/texlive/2021/texmf-dist/tex/latex/base/makeidx.sty
Package: makeidx 2014/09/29 v1.0m Standard LaTeX package
)
(/usr/local/texlive/2021/texmf-dist/tex/latex/base/inputenc.sty
Package: inputenc 2020/08/01 v1.3d Input encoding file
\inpenc@prehook=\toks20
\inpenc@posthook=\toks21
)
\@indexfile=\write3
\openout3 = `Rd2.idx'.


Writing index file Rd2.idx
LaTeX Font Info:    Trying to load font information for T1+ptm on input line 8.

(/usr/local/texlive/2021/texmf-dist/tex/latex/psnfss/t1ptm.fd
File: t1ptm.fd 2001/06/04 font definitions for T1/ptm.
)
(/usr/local/texlive/2021/texmf-dist/tex/latex/l3backend/l3backend-pdftex.def
File: l3backend-pdftex.def 2021-03-18 L3 backend support: PDF output (pdfTeX)
\l__color_backend_stack_int=\count271
\l__pdf_internal_box=\box51
)
(/private/var/folders/vn/njdz8rt91090k5v1ycf3zxbm0000gp/T/RtmpmKQfSe/Rd2pdfb450
5686df4a/Rd2.aux)
\openout1 = `Rd2.aux'.

LaTeX Font Info:    Checking defaults for OML/cmm/m/it on input line 8.
LaTeX Font Info:    ... okay on input line 8.
LaTeX Font Info:    Checking defaults for OMS/cmsy/m/n on input line 8.
LaTeX Font Info:    ... okay on input line 8.
LaTeX Font Info:    Checking defaults for OT1/cmr/m/n on input line 8.
LaTeX Font Info:    ... okay on input line 8.
LaTeX Font Info:    Checking defaults for T1/cmr/m/n on input line 8.
LaTeX Font Info:    ... okay on input line 8.
LaTeX Font Info:    Checking defaults for TS1/cmr/m/n on input line 8.
LaTeX Font Info:    ... okay on input line 8.
LaTeX Font Info:    Checking defaults for OMX/cmex/m/n on input line 8.
LaTeX Font Info:    ... okay on input line 8.
LaTeX Font Info:    Checking defaults for U/cmr/m/n on input line 8.
LaTeX Font Info:    ... okay on input line 8.
LaTeX Font Info:    Checking defaults for PD1/pdf/m/n on input line 8.
LaTeX Font Info:    ... okay on input line 8.
LaTeX Font Info:    Checking defaults for PU/pdf/m/n on input line 8.
LaTeX Font Info:    ... okay on input line 8.

(/usr/local/texlive/2021/texmf-dist/tex/context/base/mkii/supp-pdf.mkii
[Loading MPS to PDF converter (version 2006.09.02).]
\scratchcounter=\count272
\scratchdimen=\dimen144
\scratchbox=\box52
\nofMPsegments=\count273
\nofMParguments=\count274
\everyMPshowfont=\toks22
\MPscratchCnt=\count275
\MPscratchDim=\dimen145
\MPnumerator=\count276
\makeMPintoPDFobject=\count277
\everyMPtoPDFconversion=\toks23
)
Package hyperref Info: Link coloring ON on input line 8.
 (/usr/local/texlive/2021/texmf-dist/tex/latex/hyperref/nameref.sty
Package: nameref 2021-04-02 v2.47 Cross-referencing by name of section

(/usr/local/texlive/2021/texmf-dist/tex/latex/refcount/refcount.sty
Package: refcount 2019/12/15 v3.6 Data extraction from label references (HO)
)
(/usr/local/texlive/2021/texmf-dist/tex/generic/gettitlestring/gettitlestring.s
ty
Package: gettitlestring 2019/12/15 v1.6 Cleanup title references (HO)
)
\c@section@level=\count278
)
LaTeX Info: Redefining \ref on input line 8.
LaTeX Info: Redefining \pageref on input line 8.
LaTeX Info: Redefining \nameref on input line 8.

(/private/var/folders/vn/njdz8rt91090k5v1ycf3zxbm0000gp/T/RtmpmKQfSe/Rd2pdfb450
5686df4a/Rd2.out)
(/private/var/folders/vn/njdz8rt91090k5v1ycf3zxbm0000gp/T/RtmpmKQfSe/Rd2pdfb450
5686df4a/Rd2.out)
\@outlinefile=\write4
\openout4 = `Rd2.out'.

LaTeX Font Info:    Trying to load font information for T1+zi4 on input line 21
.

(/usr/local/texlive/2021/texmf-dist/tex/latex/inconsolata/t1zi4.fd
File: t1zi4.fd 2018/01/14 T1/zi4 (Inconsolata)
)
LaTeX Font Info:    Font shape `T1/zi4/m/n' will be
(Font)              scaled to size 10.0pt on input line 21.
LaTeX Font Info:    External font `cmex10' loaded for size
(Font)              <7> on input line 25.
LaTeX Font Info:    External font `cmex10' loaded for size
(Font)              <5> on input line 25.
LaTeX Font Info:    Trying to load font information for TS1+ptm on input line 2
9.

(/usr/local/texlive/2021/texmf-dist/tex/latex/psnfss/ts1ptm.fd
File: ts1ptm.fd 2001/06/04 font definitions for TS1/ptm.
)
LaTeX Font Info:    Trying to load font information for T1+phv on input line 38
.

(/usr/local/texlive/2021/texmf-dist/tex/latex/psnfss/t1phv.fd
File: t1phv.fd 2020/03/25 scalable font definitions for T1/phv.
)
(/private/var/folders/vn/njdz8rt91090k5v1ycf3zxbm0000gp/T/RtmpmKQfSe/Rd2pdfb450
5686df4a/Rd2.toc [1


{/usr/local/texlive/2021/texmf-var/fonts/map/pdftex/updmap/pdftex.map}])
\tf@toc=\write5
\openout5 = `Rd2.toc'.

 [2]
Overfull \hbox (1.6586pt too wide) in paragraph at lines 121--124
[]\T1/ptm/m/n/10 Ishwaran, H., U. B. Ko-galur, E. Z. Gorodeski, A. J. Minn, and
 M. S. Lauer (2010). High-dimensional
 []

[3]
Overfull \hbox (16.8811pt too wide) in paragraph at lines 201--209
[]\T1/zi4/m/n/10 iris airq mtcars [][]Boston[][][] [][]pbc[][][] [][]veteran[][
][] [][]rfsrc_data[][][] [][]varsel_data[][][] [][]interaction_data[][][] [][]p
artial_data[][][]
 []

[4]
LaTeX Font Info:    Font shape `T1/zi4/m/n' will be
(Font)              scaled to size 9.0pt on input line 246.
 [5] [6] [7] [8]
Underfull \vbox (badness 10000) has occurred while \output is active []

 [9]
Underfull \hbox (badness 10000) in paragraph at lines 528--528
[]\T1/ptm/m/it/10 Minimal Depth Vari-able In-ter-ac-tion data ob-ject
 []

[10]
Underfull \vbox (badness 10000) has occurred while \output is active []

 [11]
Overfull \hbox (29.37968pt too wide) in paragraph at lines 663--668
\T1/zi4/m/n/10 [randomForestSRC]{var.select} \T1/ptm/m/n/10 and cre-ates a \T1/
zi4/m/n/10 data.frame \T1/ptm/m/n/10 for-mat-ted for the [][]\T1/zi4/m/n/10 plo
t.gg_minimal_depth[][][]
 []


Overfull \hbox (4.78842pt too wide) in paragraph at lines 687--689
[]\T1/zi4/m/n/10 gg_minimal_depth \T1/ptm/m/n/10 ob-ject, A mod-i-fied list of 
vari-ables from the \T1/zi4/m/n/10 [randomForestSRC]{var.select}
 []

[12]
Underfull \vbox (badness 10000) has occurred while \output is active []

 [13]
[14]
Underfull \vbox (badness 10000) has occurred while \output is active []

 [15]
[16]
Underfull \vbox (badness 10000) has occurred while \output is active []

 [17]
Underfull \vbox (badness 10000) has occurred while \output is active []

 [18]
LaTeX Font Info:    Trying to load font information for TS1+zi4 on input line 1
081.

(/usr/local/texlive/2021/texmf-dist/tex/latex/inconsolata/ts1zi4.fd
File: ts1zi4.fd 2018/01/14 TS1/zi4 (Inconsolata)
)
LaTeX Font Info:    Font shape `TS1/zi4/m/n' will be
(Font)              scaled to size 10.0pt on input line 1081.

Overfull \hbox (2.14752pt too wide) in paragraph at lines 1101--1103
[]\T1/ptm/m/n/10 for sur-vival ran-dom forests, c("mort", "rel.freq", "surv", "
years.lost", "cif", "chf") 
 []

[19]
LaTeX Font Info:    Font shape `TS1/zi4/m/n' will be
(Font)              scaled to size 9.0pt on input line 1130.
 [20] [21] [22] [23]
Overfull \hbox (8.2777pt too wide) in paragraph at lines 1422--1426
[]\T1/ptm/m/n/10 Optional ar-gu-ments \T1/zi4/m/n/10 time \T1/ptm/m/n/10 point 
(or vec-tor of points) of in-ter-est (for sur-vival forests only) \T1/zi4/m/n/1
0 time.labels
 []

[24] [25]
Underfull \vbox (badness 10000) has occurred while \output is active []

 [26]
[27]
Underfull \hbox (badness 1152) in paragraph at lines 1655--1655
[]\T1/zi4/m/n/10 interaction_Boston \T1/ptm/m/it/10 - from a ran-dom-ForestS[R]
C for the
 []

[28]
Overfull \hbox (10.29816pt too wide) in paragraph at lines 1691--1696
\T1/ptm/m/n/10 able in-ter-ac-tion ta-ble with [][]\T1/zi4/m/n/10 find.interact
ion[][][]\T1/ptm/m/n/10 . Each data set is built with the [][]\T1/zi4/m/n/10 ca
che_rfsrc_datasets[][][]
 []

[29]
Overfull \hbox (78.08105pt too wide) in paragraph at lines 1786--1793
[]\T1/zi4/m/n/10 iris [][]Boston[][][] [][]pbc[][][] [][]find.interaction[][][]
 [][]rfsrc_data[][][] [][]cache_rfsrc_datasets[][][] [][]gg_interaction[][][] [
][]plot.gg_interaction[][][] 
 []

[30] [31] [32] [33] [34] [35]
Overfull \hbox (18.3688pt too wide) in paragraph at lines 2145--2150
[][]\T1/zi4/m/n/10 plot.variable[][][] \T1/ptm/m/n/10 func-tion, set-ting \T1/z
i4/m/n/10 partial=TRUE\T1/ptm/m/n/10 . Each data set is built with the [][]\T1/
zi4/m/n/10 cache_rfsrc_datasets[][][]
 []

[36]
Overfull \hbox (53.08105pt too wide) in paragraph at lines 2226--2233
[]\T1/zi4/m/n/10 iris MASS::Boston [][]pbc[][][] [][]plot.variable[][][] [][]rf
src_data[][][] [][]cache_rfsrc_datasets[][][] [][]gg_partial[][][] [][]plot.gg_
partial[][][] 
 []

[37]
Overfull \hbox (18.3688pt too wide) in paragraph at lines 2329--2334
[][]\T1/zi4/m/n/10 plot.variable[][][] \T1/ptm/m/n/10 func-tion, set-ting \T1/z
i4/m/n/10 partial=TRUE\T1/ptm/m/n/10 . Each data set is built with the [][]\T1/
zi4/m/n/10 cache_rfsrc_datasets[][][]
 []

[38]
Overfull \hbox (1.18103pt too wide) in paragraph at lines 2391--2398
[][][]\T1/zi4/m/n/10 Boston[][][] [][]pbc[][][] [][]plot.variable[][][] [][]rfs
rc_data[][][] [][]cache_rfsrc_datasets[][][] [][]gg_partial[][][] [][]plot.gg_p
artial[][][] 
 []

[39] [40] [41]
Underfull \vbox (badness 10000) has occurred while \output is active []

 [42]
[43] [44] [45] [46] [47] [48] [49]
Underfull \vbox (badness 10000) has occurred while \output is active []

 [50]
[51] [52]
Underfull \vbox (badness 10000) has occurred while \output is active []

 [53]
[54] [55] [56] [57] [58] [59] [60] [61] [62] [63] [64]
Overfull \hbox (19.98108pt too wide) in paragraph at lines 4001--4009
[]\T1/zi4/m/n/10 iris [][]Boston[][][] [][]pbc[][][] [][]rfsrc[][][] [][]cache_
rfsrc_datasets[][][] [][]gg_rfsrc[][][] [][]plot.gg_rfsrc[][][] [][]gg_error[][
][] [][]plot.gg_error[][][] 
 []

[65] [66]
Underfull \hbox (badness 2865) in paragraph at lines 4116--4116
[]\T1/ptm/m/it/10 Construct a set of (x, y, z) ma-tri-ces for sur-face plot-tin
g a
 []

[67] [68] [69]
Overfull \hbox (68.08105pt too wide) in paragraph at lines 4306--4315
[]\T1/zi4/m/n/10 iris [][]Boston[][][] [][]pbc[][][] [][]var.select[][][] [][]r
fsrc_data[][][] [][]cache_rfsrc_datasets[][][] [][]gg_minimal_depth[][][] [][]p
lot.gg_minimal_depth[][][]
 []

[70]
(/private/var/folders/vn/njdz8rt91090k5v1ycf3zxbm0000gp/T/RtmpmKQfSe/Rd2pdfb450
5686df4a/Rd2.ind [71]

LaTeX Font Warning: Font shape `T1/zi4/m/it' undefined
(Font)              using `T1/zi4/m/n' instead on input line 30.

LaTeX Font Info:    Font shape `T1/zi4/m/it' will be
(Font)              scaled to size 10.0pt on input line 34.
[72

] [73

])
(/private/var/folders/vn/njdz8rt91090k5v1ycf3zxbm0000gp/T/RtmpmKQfSe/Rd2pdfb450
5686df4a/Rd2.aux)

LaTeX Font Warning: Some font shapes were not available, defaults substituted.

Package rerunfilecheck Info: File `Rd2.out' has not changed.
(rerunfilecheck)             Checksum: 2E6E681BC9E7B190C897114E0D07DC87;5506.
 ) 
Here is how much of TeX's memory you used:
 9132 strings out of 478994
 134999 string characters out of 5858184
 433601 words of memory out of 5000000
 25994 multiletter control sequences out of 15000+600000
 438571 words of font info for 63 fonts, out of 8000000 for 9000
 1141 hyphenation exceptions out of 8191
 88i,6n,90p,838b,616s stack positions out of 5000i,500n,10000p,200000b,80000s
pdfTeX warning (dest): name{Rfn.plot.rfsrc} has been referenced but does not 
exist, replaced by a fixed one

pdfTeX warning (dest): name{Rfn.qnorm} has been referenced but does not exist, 
replaced by a fixed one

pdfTeX warning (dest): name{Rfn.vimp.rfsrc} has been referenced but does not ex
ist, replaced by a fixed one

pdfTeX warning (dest): name{Rfn.var.select.rfsrc} has been referenced but does 
not exist, replaced by a fixed one

pdfTeX warning (dest): name{Rfn.vimp} has been referenced but does not exist, r
eplaced by a fixed one

pdfTeX warning (dest): name{Rfn.max.subtree} has been referenced but does not e
xist, replaced by a fixed one

pdfTeX warning (dest): name{Rfn.predict.rfsrc} has been referenced but does not
 exist, replaced by a fixed one

pdfTeX warning (dest): name{Rfn.veteran} has been referenced but does not exist
, replaced by a fixed one

pdfTeX warning (dest): name{Rfn.pbc} has been referenced but does not exist, re
placed by a fixed one

pdfTeX warning (dest): name{Rfn.Boston} has been referenced but does not exist,
 replaced by a fixed one

pdfTeX warning (dest): name{Rfn.plot.variable} has been referenced but does not
 exist, replaced by a fixed one

pdfTeX warning (dest): name{Rfn.find.interaction} has been referenced but does 
not exist, replaced by a fixed one

pdfTeX warning (dest): name{Rfn.var.select} has been referenced but does not ex
ist, replaced by a fixed one

pdfTeX warning (dest): name{Rfn.rfsrc} has been referenced but does not exist, 
replaced by a fixed one

{/usr/local/texlive/2021/texmf-dist/fonts/enc/dvips/inconsolata/i4-ts1.enc}{/us
r/local/texlive/2021/texmf-dist/fonts/enc/dvips/base/8r.enc}{/usr/local/texlive
/2021/texmf-dist/fonts/enc/dvips/inconsolata/i4-t1-0.enc}</usr/local/texlive/20
21/texmf-dist/fonts/type1/public/inconsolata/Inconsolata-zi4r.pfb></usr/local/t
exlive/2021/texmf-dist/fonts/type1/public/amsfonts/cm/cmsy10.pfb></usr/local/te
xlive/2021/texmf-dist/fonts/type1/urw/helvetic/uhvr8a.pfb></usr/local/texlive/2
021/texmf-dist/fonts/type1/urw/times/utmb8a.pfb></usr/local/texlive/2021/texmf-
dist/fonts/type1/urw/times/utmr8a.pfb></usr/local/texlive/2021/texmf-dist/fonts
/type1/urw/times/utmr8a.pfb></usr/local/texlive/2021/texmf-dist/fonts/type1/urw
/times/utmri8a.pfb>
Output written on Rd2.pdf (73 pages, 228606 bytes).
PDF statistics:
 1605 PDF objects out of 1728 (max. 8388607)
 1507 compressed objects within 16 object streams
 478 named destinations out of 1000 (max. 500000)
 337 words of extra memory for PDF output out of 10000 (max. 10000000)

